2015-09-16 21:35:05,410 [16] ERROR IronAppServer - SuperSocket.SocketBase.AppSession
System.IndexOutOfRangeException: 索引超出了数组界限。
   在 SuperSocket.SocketBase.Protocol.StringRequestInfo.get_Item(Int32 index)
   在 Microsoft.Scripting.Interpreter.DynamicInstruction`3.Run(InterpretedFrame frame)
   在 Microsoft.Scripting.Interpreter.Interpreter.Run(InterpretedFrame frame)
   在 Microsoft.Scripting.Interpreter.LightLambda.Run3[T0,T1,T2,TRet](T0 arg0, T1 arg1, T2 arg2)
   在 _Scripting_(Object[] , AppSession , StringRequestInfo )
   在 SuperSocket.Dlr.DynamicCommand`2.ExecuteCommand(TAppSession session, TRequestInfo requestInfo)
   在 SuperSocket.SocketBase.AppServerBase`2.ExecuteCommand(TAppSession session, TRequestInfo requestInfo)
   在 SuperSocket.SocketBase.AppServerBase`2.ExecuteCommand(IAppSession session, TRequestInfo requestInfo)
   在 SuperSocket.SocketBase.AppSession`2.SuperSocket.SocketBase.IAppSession.ProcessRequest(Byte[] readBuffer, Int32 offset, Int32 length, Boolean toBeCopied)
2015-09-16 21:35:51,051 [17] ERROR IronAppServer - SuperSocket.SocketBase.AppSession
IronPython.Runtime.Exceptions.ValueErrorException: invalid integer number literal
   在 IronPython.Runtime.LiteralParser.ParseIntegerEnd(String text, Int32 start, Int32 end)
   在 IronPython.Runtime.LiteralParser.ParseIntegerSign(String text, Int32 b)
   在 IronPython.Runtime.Operations.Int32Ops.__new__(PythonType cls, String s, Int32 radix)
   在 IronPython.Runtime.Operations.Int32Ops.FastNew(CodeContext context, Object o)
   在 IronPython.Runtime.Operations.Int32Ops.__new__(CodeContext context, PythonType cls, Object x)
   在 Microsoft.Scripting.Interpreter.FuncCallInstruction`4.Run(InterpretedFrame frame)
   在 Microsoft.Scripting.Interpreter.Interpreter.Run(InterpretedFrame frame)
   在 Microsoft.Scripting.Interpreter.LightLambda.Run4[T0,T1,T2,T3,TRet](T0 arg0, T1 arg1, T2 arg2, T3 arg3)
   在 Microsoft.Scripting.Interpreter.DynamicInstruction`4.Run(InterpretedFrame frame)
   在 Microsoft.Scripting.Interpreter.Interpreter.Run(InterpretedFrame frame)
   在 Microsoft.Scripting.Interpreter.LightLambda.Run3[T0,T1,T2,TRet](T0 arg0, T1 arg1, T2 arg2)
   在 _Scripting_(Object[] , AppSession , StringRequestInfo )
   在 SuperSocket.Dlr.DynamicCommand`2.ExecuteCommand(TAppSession session, TRequestInfo requestInfo)
   在 SuperSocket.SocketBase.AppServerBase`2.ExecuteCommand(TAppSession session, TRequestInfo requestInfo)
   在 SuperSocket.SocketBase.AppServerBase`2.ExecuteCommand(IAppSession session, TRequestInfo requestInfo)
   在 SuperSocket.SocketBase.AppSession`2.SuperSocket.SocketBase.IAppSession.ProcessRequest(Byte[] readBuffer, Int32 offset, Int32 length, Boolean toBeCopied)
